Start testing: May 08 01:59 RTZ 2 (ceia)
----------------------------------------------------------
1/1 Testing: ExampleTests
1/1 Test: ExampleTests
Command: "C:/21/test_libft/build/test/ExampleTests.exe"
Directory: C:/21/test_libft/build/test
"ExampleTests" start time: May 08 01:59 RTZ 2 (ceia)
Output:
----------------------------------------------------------
Running main() from C:/21/test_libft/googletest/googletest/src/gtest_main.cc
[==========] Running 1 test from 1 test suite.
[----------] Global test environment set-up.
[----------] 1 test from test_ft_tolower
[ RUN      ] test_ft_tolower.test_1
[       OK ] test_ft_tolower.test_1 (0 ms)
[----------] 1 test from test_ft_tolower (0 ms total)

[----------] Global test environment tear-down
[==========] 1 test from 1 test suite ran. (0 ms total)
[  PASSED  ] 1 test.
<end of output>
Test time =   0.02 sec
----------------------------------------------------------
Test Passed.
"ExampleTests" end time: May 08 01:59 RTZ 2 (ceia)
"ExampleTests" time elapsed: 00:00:00
----------------------------------------------------------

End testing: May 08 01:59 RTZ 2 (ceia)
