Start testing: May 15 04:30 RTZ 2 (ceia)
----------------------------------------------------------
Unable to find executable: C:/21/test_libft/test/tests.exe
1/1 Testing: tests
1/1 Test: tests
Command: ""
Directory: C:/21/test_libft/test
"tests" start time: 
Output:
----------------------------------------------------------
<end of output>
Test time =   0.00 sec
----------------------------------------------------------
Test Passed.
"tests" end time: May 15 04:30 RTZ 2 (ceia)
"tests" time elapsed: 00:00:00
----------------------------------------------------------

End testing: May 15 04:30 RTZ 2 (ceia)
