Start testing: May 07 19:36 RTZ 2 (ceia)
----------------------------------------------------------
1/1 Testing: ExampleTests
1/1 Test: ExampleTests
Command: "C:/21/Example/test/ExampleTests.exe"
Directory: C:/21/Example/test
"ExampleTests" start time: May 07 19:36 RTZ 2 (ceia)
Output:
----------------------------------------------------------
Running main() from C:\21\Example\googletest\googletest\src\gtest_main.cc
[==========] Running 1 test from 1 test suite.
[----------] Global test environment set-up.
[----------] 1 test from ExampleTests
[ RUN      ] ExampleTests.DemonstrateGTestMacros
[       OK ] ExampleTests.DemonstrateGTestMacros (0 ms)
[----------] 1 test from ExampleTests (0 ms total)

[----------] Global test environment tear-down
[==========] 1 test from 1 test suite ran. (0 ms total)
[  PASSED  ] 1 test.
<end of output>
Test time =   0.01 sec
----------------------------------------------------------
Test Passed.
"ExampleTests" end time: May 07 19:36 RTZ 2 (ceia)
"ExampleTests" time elapsed: 00:00:00
----------------------------------------------------------

End testing: May 07 19:36 RTZ 2 (ceia)
